newbase/build/intermediates/manifest_merge_blame_file/debug/manifest-merger-blame-debug-report.txt
1<?xml version="1.0" encoding="utf-8"?>
2<manifest xmlns:android="http://schemas.android.com/apk/res/android"
3    package="com.playandroid.newbase"
4    android:versionCode="1"
5    android:versionName="1.0.0" >
6
7    <uses-sdk
8        android:minSdkVersion="19"
8-->src\main\AndroidManifest.xml
9        android:targetSdkVersion="29" />
9-->src\main\AndroidManifest.xml
10
11    <application
11-->src\main\AndroidManifest.xml:5:5-21:19
12        android:name="com.playandroid.newbase.BaseApplication"
12-->src\main\AndroidManifest.xml:9:9-40
13        android:allowBackup="true"
13-->src\main\AndroidManifest.xml:6:9-35
14        android:appComponentFactory="androidx.core.app.CoreComponentFactory"
14-->[androidx.core:core:1.1.0] AndroidManifest.xml:24:18-86
15        android:debuggable="true"
16        android:icon="@mipmap/ic_launcher"
16-->src\main\AndroidManifest.xml:7:9-43
17        android:label="@string/app_name"
17-->src\main\AndroidManifest.xml:8:9-41
18        android:roundIcon="@mipmap/ic_launcher_round"
18-->src\main\AndroidManifest.xml:10:9-54
19        android:supportsRtl="true"
19-->src\main\AndroidManifest.xml:11:9-35
20        android:testOnly="true"
21        android:theme="@style/AppTheme" >
21-->src\main\AndroidManifest.xml:12:9-40
22        <activity android:name="com.playandroid.newbase.test.MainActivity" >
22-->src\main\AndroidManifest.xml:13:9-19:20
22-->src\main\AndroidManifest.xml:13:19-52
23            <intent-filter>
23-->src\main\AndroidManifest.xml:14:13-18:29
24                <action android:name="android.intent.action.MAIN" />
24-->src\main\AndroidManifest.xml:15:17-69
24-->src\main\AndroidManifest.xml:15:25-66
25
26                <category android:name="android.intent.category.LAUNCHER" />
26-->src\main\AndroidManifest.xml:17:17-77
26-->src\main\AndroidManifest.xml:17:27-74
27            </intent-filter>
28        </activity>
29        <activity android:name="com.playandroid.newbase.test.TestActivity" />
29-->src\main\AndroidManifest.xml:20:9-64
29-->src\main\AndroidManifest.xml:20:19-52
30        <activity
30-->[com.blankj:utilcodex:1.26.0] AndroidManifest.xml:10:9-15:75
31            android:name="com.blankj.utilcode.util.Utils$TransActivity"
31-->[com.blankj:utilcodex:1.26.0] AndroidManifest.xml:11:13-72
32            android:configChanges="orientation|keyboardHidden|screenSize"
32-->[com.blankj:utilcodex:1.26.0] AndroidManifest.xml:12:13-74
33            android:multiprocess="true"
33-->[com.blankj:utilcodex:1.26.0] AndroidManifest.xml:13:13-40
34            android:theme="@style/ActivityTranslucent"
34-->[com.blankj:utilcodex:1.26.0] AndroidManifest.xml:14:13-55
35            android:windowSoftInputMode="stateHidden|stateAlwaysHidden" />
35-->[com.blankj:utilcodex:1.26.0] AndroidManifest.xml:15:13-72
36
37        <provider
37-->[com.blankj:utilcodex:1.26.0] AndroidManifest.xml:17:9-26:20
38            android:name="com.blankj.utilcode.util.Utils$FileProvider4UtilCode"
38-->[com.blankj:utilcodex:1.26.0] AndroidManifest.xml:18:13-80
39            android:authorities="com.playandroid.newbase.utilcode.provider"
39-->[com.blankj:utilcodex:1.26.0] AndroidManifest.xml:19:13-69
40            android:exported="false"
40-->[com.blankj:utilcodex:1.26.0] AndroidManifest.xml:20:13-37
41            android:grantUriPermissions="true"
41-->[com.blankj:utilcodex:1.26.0] AndroidManifest.xml:21:13-47
42            android:multiprocess="true" >
42-->[com.blankj:utilcodex:1.26.0] AndroidManifest.xml:22:13-40
43            <meta-data
43-->[com.blankj:utilcodex:1.26.0] AndroidManifest.xml:23:13-25:68
44                android:name="android.support.FILE_PROVIDER_PATHS"
44-->[com.blankj:utilcodex:1.26.0] AndroidManifest.xml:24:17-67
45                android:resource="@xml/util_code_provider_paths" />
45-->[com.blankj:utilcodex:1.26.0] AndroidManifest.xml:25:17-65
46        </provider>
47
48        <service android:name="com.blankj.utilcode.util.MessengerUtils$ServerService" >
48-->[com.blankj:utilcodex:1.26.0] AndroidManifest.xml:28:9-32:19
48-->[com.blankj:utilcodex:1.26.0] AndroidManifest.xml:28:18-86
49            <intent-filter>
49-->[com.blankj:utilcodex:1.26.0] AndroidManifest.xml:29:13-31:29
50                <action android:name="com.playandroid.newbase.messenger" />
50-->[com.blankj:utilcodex:1.26.0] AndroidManifest.xml:30:17-69
50-->[com.blankj:utilcodex:1.26.0] AndroidManifest.xml:30:25-66
51            </intent-filter>
52        </service>
53    </application>
54
55</manifest>